11:52:43.033 [main                     ] DEBUG Logger               - Configured Logger
11:52:43.058 [main                     ] DEBUG GameApplication      - Logging settings
Title: Simulador de Restaurante
Version: 1.0
Width: 1200
Height: 800
Fullscreen: false
Intro: false
Profiling: false
Single step:false
App Mode: DEVELOPER
Menu Key: ESCAPE
Stage Style: DECORATED
Scene Factory: class com.almasb.fxgl.app.scene.SceneFactory

11:52:43.499 [JavaFX Application Thread] DEBUG FXGLApplication      - Initializing FXGL
11:52:43.503 [JavaFX Application Thread] INFO  Engine               - FXGL-17.3 (30.03.2023 11.49) on WINDOWS (J:19.0.2 FX:20)
11:52:43.503 [JavaFX Application Thread] DEBUG Engine               - JRE Vendor Name: Oracle Corporation
11:52:43.504 [JavaFX Application Thread] DEBUG Engine               - Running on OS: Windows 11 version 10.0
11:52:43.504 [JavaFX Application Thread] DEBUG Engine               - Architecture: amd64
11:52:43.504 [JavaFX Application Thread] INFO  Engine               - Source code and latest versions at: https://github.com/AlmasB/FXGL
11:52:43.504 [JavaFX Application Thread] INFO  Engine               -       Ask questions and discuss at: https://github.com/AlmasB/FXGL/discussions
11:52:43.504 [JavaFX Application Thread] INFO  Engine               -              Join the FXGL chat at: https://gitter.im/AlmasB/FXGL
11:52:43.593 [JavaFX Application Thread] DEBUG PrimaryStageWindow   - Creating a JavaFX scene
11:52:43.643 [JavaFX Application Thread] DEBUG PrimaryStageWindow   - Target settings size: 1200.0 x 800.0
11:52:43.644 [JavaFX Application Thread] DEBUG PrimaryStageWindow   - Scaled scene size:    1200.0 x 800.0
11:52:43.644 [JavaFX Application Thread] DEBUG PrimaryStageWindow   - Scaled ratio: (1.0, 1.0)
11:52:43.645 [JavaFX Application Thread] DEBUG PrimaryStageWindow   - Set initial scene to FXGLStartupScene
11:52:43.650 [JavaFX Application Thread] DEBUG PrimaryStageWindow   - Opening main window
11:52:43.731 [JavaFX Application Thread] DEBUG PrimaryStageWindow   - Window border size: (14.4000244140625, 37.5999755859375)
11:52:43.732 [JavaFX Application Thread] DEBUG PrimaryStageWindow   - Scaled size: 1200.0 x 800.0
11:52:43.732 [JavaFX Application Thread] DEBUG PrimaryStageWindow   - Scaled ratio: (1.0, 1.0)
11:52:43.732 [JavaFX Application Thread] DEBUG PrimaryStageWindow   - Scene size: 1200.0 x 800.0
11:52:43.732 [JavaFX Application Thread] DEBUG PrimaryStageWindow   - Stage size: 1214.4000244140625 x 837.5999755859375
11:52:43.746 [FXGL Background Thread 1 ] DEBUG Engine               - Initializing environment variables
11:52:43.816 [FXGL Background Thread 1 ] DEBUG FXGLAssetLoaderServi - User app class for loading assets: class com.simulador.ui.GameApp
11:52:43.817 [FXGL Background Thread 1 ] DEBUG GameApplicationServi - Applying CSS: fxgl_dark.css
11:52:43.818 [FXGL Background Thread 1 ] DEBUG FXGLAssetLoaderServi - Loading from file system: jar:file:/C:/Users/maste/.m2/repository/com/github/almasb/fxgl/17.3/fxgl-17.3.jar!/fxglassets/ui/css/fxgl_dark.css
11:52:43.869 [FXGL Background Thread 1 ] DEBUG GameApplicationServi - Initializing application scenes
11:52:43.910 [FXGL Background Thread 1 ] DEBUG GameWorld            - Game world initialized
11:52:44.016 [FXGL Background Thread 1 ] DEBUG PhysicsWorld         - Physics world initialized: appHeight=800, physics.ppm=50.0
11:52:44.017 [FXGL Background Thread 1 ] DEBUG PhysicsWorld         - Using strategy: BRUTE_FORCE
11:52:44.023 [FXGL Background Thread 1 ] DEBUG GameScene            - Game scene initialized: 1200x800
11:52:44.043 [FXGL Background Thread 1 ] DEBUG FXGL.DefaultMenu     - createMenuBodyGameMenu()
11:52:44.062 [FXGL Background Thread 1 ] DEBUG FXGL.DefaultMenu     - createOptionsMenu()
11:52:44.078 [FXGL Background Thread 1 ] DEBUG FXGLAssetLoaderServi - Loading from file system: jar:file:/C:/Users/maste/.m2/repository/com/github/almasb/fxgl/17.3/fxgl-17.3.jar!/fxglassets/textures/particles/smoke.png
11:52:44.200 [FXGL Background Thread 1 ] DEBUG FXGLAssetLoaderServi - Loading from file system: jar:file:/C:/Users/maste/.m2/repository/com/github/almasb/fxgl/17.3/fxgl-17.3.jar!/fxglassets/textures/particles/trace_horizontal.png
11:52:44.233 [FXGL Background Thread 1 ] DEBUG GameApplicationServi - Application scenes initialized
11:52:44.247 [FXGL Background Thread 1 ] DEBUG SystemBundleService  - Loading FXGL system data
11:52:44.252 [FXGL Background Thread 1 ] DEBUG FileSystemAccess     - Reading from: C:\Users\maste\Documents\Concurrente\SimuladorRestaturant\simulador-monitores\system\fxgl.bundle
11:52:44.266 [FXGL Background Thread 1 ] DEBUG SystemBundleService  - Bundle FXGL: {}
11:52:44.266 [FXGL Background Thread 1 ] DEBUG UpdaterService       - Checking for updates
11:52:44.272 [FXGL Background Thread 4 ] DEBUG FXGLApplication      - Loading fonts
11:52:44.273 [FXGL Background Thread 4 ] DEBUG FXGLAssetLoaderServi - Loading from file system: jar:file:/C:/Users/maste/.m2/repository/com/github/almasb/fxgl/17.3/fxgl-17.3.jar!/fxglassets/ui/fonts/VarelaRound-Regular.ttf
11:52:44.273 [FXGL Background Thread 1 ] DEBUG FXGLApplication      - Loading default localization
11:52:44.274 [FXGL Background Thread 1 ] DEBUG FXGLAssetLoaderServi - Loading from file system: jar:file:/C:/Users/maste/.m2/repository/com/github/almasb/fxgl/17.3/fxgl-17.3.jar!/fxglassets/languages/english.lang
11:52:44.302 [FXGL Background Thread 1 ] INFO  FXGLApplication      - FXGL initialization took: 0.556 sec
11:52:44.305 [JavaFX Application Thread] DEBUG FXGLAssetLoaderServi - Loading from file system: jar:file:/C:/Users/maste/.m2/repository/com/github/almasb/fxgl/17.3/fxgl-17.3.jar!/fxglassets/textures/fxgl_icon.png
11:52:44.325 [JavaFX Application Thread] DEBUG FXGLAssetLoaderServi - Loading from file system: jar:file:/C:/Users/maste/.m2/repository/com/github/almasb/fxgl/17.3/fxgl-17.3.jar!/fxglassets/textures/fxgl_default_cursor.png
11:52:44.341 [JavaFX Application Thread] DEBUG Input                - Registered new binding: Screenshot - CTRL+8
11:52:44.342 [JavaFX Application Thread] DEBUG Input                - Registered new binding: System info dump - CTRL+9
11:52:44.343 [JavaFX Application Thread] DEBUG Input                - Registered new binding: Restart - CTRL+R
11:52:44.344 [JavaFX Application Thread] DEBUG Input                - Registered new binding: Toggle Debug Camera - CTRL+7
11:52:44.350 [JavaFX Application Thread] DEBUG LoopRunner           - Starting loop
11:52:44.350 [JavaFX Application Thread] DEBUG LoopRunner           - Initializing JavaFX AnimationTimerLoop
11:52:44.352 [JavaFX Application Thread] DEBUG GameApplicationServi - Starting new game
11:52:44.352 [JavaFX Application Thread] DEBUG Input                - Clearing active input actions
11:52:44.365 [JavaFX Application Thread] DEBUG GameApplicationServi - Removing overlay from FXGLStartupScene and adding to FXGLLoadingScene
11:52:44.366 [JavaFX Application Thread] DEBUG PrimaryStageWindow   - FXGLStartupScene -> FXGLLoadingScene
11:52:44.366 [JavaFX Application Thread] DEBUG GameApplicationServi - Clearing previous game
11:52:44.366 [JavaFX Application Thread] DEBUG GameScene            - Clearing game scene
11:52:44.366 [JavaFX Application Thread] DEBUG GameWorld            - Clearing game world
11:52:44.366 [JavaFX Application Thread] DEBUG PhysicsWorld         - Clearing physics world
11:52:44.368 [FXGL Background Thread 1 ] DEBUG FXGLApplication      - Initializing game
11:52:44.407 [FXGL Background Thread 1 ] INFO  FXGLApplication      - Game initialization took: 0.039 sec
11:52:44.416 [JavaFX Application Thread] DEBUG Input                - Clearing active input actions
11:52:44.427 [JavaFX Application Thread] DEBUG GameApplicationServi - Removing overlay from FXGLLoadingScene and adding to GameScene
11:52:44.427 [JavaFX Application Thread] DEBUG PrimaryStageWindow   - FXGLLoadingScene -> GameScene
11:52:44.479 [FXGL Background Thread 4 ] DEBUG FXGLAssetLoaderServi - Loading from file system: jar:file:/C:/Users/maste/.m2/repository/com/github/almasb/fxgl/17.3/fxgl-17.3.jar!/fxglassets/ui/fonts/Abel-Regular.ttf
11:52:44.500 [FXGL Background Thread 4 ] DEBUG FXGLAssetLoaderServi - Loading from file system: jar:file:/C:/Users/maste/.m2/repository/com/github/almasb/fxgl/17.3/fxgl-17.3.jar!/fxglassets/ui/fonts/TerminalLandMono-Regular.otf
11:52:44.508 [FXGL Background Thread 4 ] DEBUG FXGLAssetLoaderServi - Loading from file system: jar:file:/C:/Users/maste/.m2/repository/com/github/almasb/fxgl/17.3/fxgl-17.3.jar!/fxglassets/ui/fonts/Courier-Prime.ttf
11:52:44.541 [JavaFX Application Thread] DEBUG FXGLApplication      - Registering font factories with UI factory
11:52:45.457 [FXGL Background Thread 2 ] INFO  UpdaterService       - Your current version:  17.3
11:52:45.457 [FXGL Background Thread 2 ] INFO  UpdaterService       - Latest stable version: 21.1
11:52:47.269 [FXGL Background Thread 3 ] DEBUG Engine               - Logging environment variables
11:52:47.269 [FXGL Background Thread 3 ] DEBUG Engine               - achievements: []
11:52:47.269 [FXGL Background Thread 3 ] DEBUG Engine               - actualHeight: 800.0
11:52:47.270 [FXGL Background Thread 3 ] DEBUG Engine               - actualHeightProperty: ReadOnlyDoubleProperty [value: 800.0]
11:52:47.270 [FXGL Background Thread 3 ] DEBUG Engine               - actualWidth: 1200.0
11:52:47.270 [FXGL Background Thread 3 ] DEBUG Engine               - actualWidthProperty: ReadOnlyDoubleProperty [value: 1200.0]
11:52:47.270 [FXGL Background Thread 3 ] DEBUG Engine               - appIcon: fxgl_icon.png
11:52:47.270 [FXGL Background Thread 3 ] DEBUG Engine               - applicationMode: DEVELOPER
11:52:47.270 [FXGL Background Thread 3 ] DEBUG Engine               - cSSList: [fxgl_dark.css]
11:52:47.270 [FXGL Background Thread 3 ] DEBUG Engine               - collisionDetectionStrategy: BRUTE_FORCE
11:52:47.270 [FXGL Background Thread 3 ] DEBUG Engine               - configClass: Optional.empty
11:52:47.270 [FXGL Background Thread 3 ] DEBUG Engine               - credits: []
11:52:47.270 [FXGL Background Thread 3 ] DEBUG Engine               - defaultCursor: CursorInfo(imageName=fxgl_default_cursor.png, hotspotX=7.0, hotspotY=6.0)
11:52:47.270 [FXGL Background Thread 3 ] DEBUG Engine               - devBBoxColorProperty: ObjectProperty [value: 0xff0000ff]
11:52:47.271 [FXGL Background Thread 3 ] DEBUG Engine               - devEnableDebugCameraProperty: BooleanProperty [value: false]
11:52:47.271 [FXGL Background Thread 3 ] DEBUG Engine               - devSensorColorProperty: ObjectProperty [value: 0xffff00ff]
11:52:47.271 [FXGL Background Thread 3 ] DEBUG Engine               - devShowBBoxProperty: BooleanProperty [value: false]
11:52:47.271 [FXGL Background Thread 3 ] DEBUG Engine               - devShowPositionProperty: BooleanProperty [value: false]
11:52:47.271 [FXGL Background Thread 3 ] DEBUG Engine               - enabledMenuItems: []
11:52:47.271 [FXGL Background Thread 3 ] DEBUG Engine               - engineServices: [class com.almasb.fxgl.app.services.FXGLAssetLoaderService, class com.almasb.fxgl.app.FXGLApplication$GameApplicationService, class com.almasb.fxgl.app.services.FXGLDialogService, class com.almasb.fxgl.app.services.IOTaskExecutorService, class com.almasb.fxgl.io.FileSystemService, class com.almasb.fxgl.localization.LocalizationService, class com.almasb.fxgl.app.services.SystemBundleService, class com.almasb.fxgl.profile.SaveLoadService, class com.almasb.fxgl.ui.FXGLUIFactoryServiceProvider, class com.almasb.fxgl.ui.FXGLDialogFactoryServiceProvider, class com.almasb.fxgl.audio.AudioPlayer, class com.almasb.fxgl.notification.impl.NotificationServiceProvider, class com.almasb.fxgl.achievement.AchievementService, class com.almasb.fxgl.cutscene.CutsceneService, class com.almasb.fxgl.minigames.MiniGameService, class com.almasb.fxgl.net.NetService, class com.almasb.fxgl.app.services.UpdaterService, class com.almasb.fxgl.dev.DevService]
11:52:47.271 [FXGL Background Thread 3 ] DEBUG Engine               - fontGame: Abel-Regular.ttf
11:52:47.271 [FXGL Background Thread 3 ] DEBUG Engine               - fontMono: TerminalLandMono-Regular.otf
11:52:47.271 [FXGL Background Thread 3 ] DEBUG Engine               - fontSizeScaleUI: 1.0
11:52:47.271 [FXGL Background Thread 3 ] DEBUG Engine               - fontText: Courier-Prime.ttf
11:52:47.271 [FXGL Background Thread 3 ] DEBUG Engine               - fontUI: VarelaRound-Regular.ttf
11:52:47.271 [FXGL Background Thread 3 ] DEBUG Engine               - fullScreen: BooleanProperty [value: false]
11:52:47.271 [FXGL Background Thread 3 ] DEBUG Engine               - gameDifficulty: MEDIUM
11:52:47.271 [FXGL Background Thread 3 ] DEBUG Engine               - gameDifficultyProperty: ObjectProperty [value: MEDIUM]
11:52:47.271 [FXGL Background Thread 3 ] DEBUG Engine               - globalMusicVolume: 0.5
11:52:47.271 [FXGL Background Thread 3 ] DEBUG Engine               - globalMusicVolumeProperty: DoubleProperty [value: 0.5]
11:52:47.271 [FXGL Background Thread 3 ] DEBUG Engine               - globalSoundVolume: 0.5
11:52:47.272 [FXGL Background Thread 3 ] DEBUG Engine               - globalSoundVolumeProperty: DoubleProperty [value: 0.5]
11:52:47.272 [FXGL Background Thread 3 ] DEBUG Engine               - height: 800
11:52:47.272 [FXGL Background Thread 3 ] DEBUG Engine               - is3D: false
11:52:47.272 [FXGL Background Thread 3 ] DEBUG Engine               - isAndroid: false
11:52:47.272 [FXGL Background Thread 3 ] DEBUG Engine               - isBrowser: false
11:52:47.273 [FXGL Background Thread 3 ] DEBUG Engine               - isClickFeedbackEnabled: false
11:52:47.273 [FXGL Background Thread 3 ] DEBUG Engine               - isCloseConfirmation: false
11:52:47.273 [FXGL Background Thread 3 ] DEBUG Engine               - isDesktop: true
11:52:47.273 [FXGL Background Thread 3 ] DEBUG Engine               - isDeveloperMenuEnabled: false
11:52:47.273 [FXGL Background Thread 3 ] DEBUG Engine               - isEmbedded: false
11:52:47.273 [FXGL Background Thread 3 ] DEBUG Engine               - isEntityPreloadEnabled: true
11:52:47.273 [FXGL Background Thread 3 ] DEBUG Engine               - isExperimentalTiledLargeMap: false
11:52:47.273 [FXGL Background Thread 3 ] DEBUG Engine               - isFileSystemWriteAllowed: true
11:52:47.273 [FXGL Background Thread 3 ] DEBUG Engine               - isFullScreenAllowed: false
11:52:47.273 [FXGL Background Thread 3 ] DEBUG Engine               - isFullScreenFromStart: false
11:52:47.273 [FXGL Background Thread 3 ] DEBUG Engine               - isGameMenuEnabled: true
11:52:47.273 [FXGL Background Thread 3 ] DEBUG Engine               - isIOS: false
11:52:47.273 [FXGL Background Thread 3 ] DEBUG Engine               - isIntroEnabled: false
11:52:47.273 [FXGL Background Thread 3 ] DEBUG Engine               - isLinux: false
11:52:47.273 [FXGL Background Thread 3 ] DEBUG Engine               - isMac: false
11:52:47.273 [FXGL Background Thread 3 ] DEBUG Engine               - isMainMenuEnabled: false
11:52:47.273 [FXGL Background Thread 3 ] DEBUG Engine               - isManualResizeEnabled: false
11:52:47.273 [FXGL Background Thread 3 ] DEBUG Engine               - isMobile: false
11:52:47.273 [FXGL Background Thread 3 ] DEBUG Engine               - isNative: false
11:52:47.274 [FXGL Background Thread 3 ] DEBUG Engine               - isPauseMusicWhenMinimized: true
11:52:47.274 [FXGL Background Thread 3 ] DEBUG Engine               - isPreserveResizeRatio: false
11:52:47.274 [FXGL Background Thread 3 ] DEBUG Engine               - isProfilingEnabled: false
11:52:47.274 [FXGL Background Thread 3 ] DEBUG Engine               - isScaleAffectedOnResize: true
11:52:47.274 [FXGL Background Thread 3 ] DEBUG Engine               - isSingleStep: false
11:52:47.274 [FXGL Background Thread 3 ] DEBUG Engine               - isUserProfileEnabled: false
11:52:47.274 [FXGL Background Thread 3 ] DEBUG Engine               - isWindows: true
11:52:47.274 [FXGL Background Thread 3 ] DEBUG Engine               - language: ObjectProperty [value: ENGLISH]
11:52:47.274 [FXGL Background Thread 3 ] DEBUG Engine               - menuKey: ESCAPE
11:52:47.274 [FXGL Background Thread 3 ] DEBUG Engine               - mouseSensitivity: 0.2
11:52:47.274 [FXGL Background Thread 3 ] DEBUG Engine               - notificationViewClass: class com.almasb.fxgl.notification.view.XboxNotificationView
11:52:47.274 [FXGL Background Thread 3 ] DEBUG Engine               - pixelsPerMeter: 50.0
11:52:47.274 [FXGL Background Thread 3 ] DEBUG Engine               - platform: WINDOWS
11:52:47.274 [FXGL Background Thread 3 ] DEBUG Engine               - prefHeightProperty: ReadOnlyDoubleProperty [value: 800.0]
11:52:47.274 [FXGL Background Thread 3 ] DEBUG Engine               - prefWidthProperty: ReadOnlyDoubleProperty [value: 1200.0]
11:52:47.274 [FXGL Background Thread 3 ] DEBUG Engine               - profileDir: profiles/
11:52:47.274 [FXGL Background Thread 3 ] DEBUG Engine               - profileName: StringProperty [value: DEFAULT]
11:52:47.275 [FXGL Background Thread 3 ] DEBUG Engine               - randomSeed: -1
11:52:47.275 [FXGL Background Thread 3 ] DEBUG Engine               - runtimeInfo: RuntimeInfo(platform=WINDOWS, version=17.3, build=30.03.2023 11.49)
11:52:47.275 [FXGL Background Thread 3 ] DEBUG Engine               - saveFileExt: sav
11:52:47.275 [FXGL Background Thread 3 ] DEBUG Engine               - scaledHeightProp$fxgl: DoubleProperty [bound, value: 800.0]
11:52:47.275 [FXGL Background Thread 3 ] DEBUG Engine               - scaledWidthProp$fxgl: DoubleProperty [bound, value: 1200.0]
11:52:47.275 [FXGL Background Thread 3 ] DEBUG Engine               - sceneFactory: com.almasb.fxgl.app.scene.SceneFactory@43e4063a
11:52:47.275 [FXGL Background Thread 3 ] DEBUG Engine               - secondsIn24h: 60
11:52:47.275 [FXGL Background Thread 3 ] DEBUG Engine               - soundMenuBack: menu/back.wav
11:52:47.275 [FXGL Background Thread 3 ] DEBUG Engine               - soundMenuPress: menu/press.wav
11:52:47.275 [FXGL Background Thread 3 ] DEBUG Engine               - soundMenuSelect: menu/select.wav
11:52:47.275 [FXGL Background Thread 3 ] DEBUG Engine               - soundNotification: core/notification.wav
11:52:47.275 [FXGL Background Thread 3 ] DEBUG Engine               - stageStyle: DECORATED
11:52:47.275 [FXGL Background Thread 3 ] DEBUG Engine               - supportedLanguages: [ENGLISH, FRENCH, GERMAN, HUNGARIAN, RUSSIAN]
11:52:47.275 [FXGL Background Thread 3 ] DEBUG Engine               - ticksPerSecond: -1
11:52:47.276 [FXGL Background Thread 3 ] DEBUG Engine               - title: Simulador de Restaurante
11:52:47.276 [FXGL Background Thread 3 ] DEBUG Engine               - urlGithub: https://github.com/AlmasB/FXGL
11:52:47.276 [FXGL Background Thread 3 ] DEBUG Engine               - urlLeaderboard: http://fxgl-top.herokuapp.com/
11:52:47.276 [FXGL Background Thread 3 ] DEBUG Engine               - urlPOM: https://raw.githubusercontent.com/AlmasB/FXGL/release/README.md
11:52:47.276 [FXGL Background Thread 3 ] DEBUG Engine               - userAppClass: class com.simulador.ui.GameApp
11:52:47.276 [FXGL Background Thread 3 ] DEBUG Engine               - version: 1.0
11:52:47.276 [FXGL Background Thread 3 ] DEBUG Engine               - versionCheckDays: 7
11:52:47.276 [FXGL Background Thread 3 ] DEBUG Engine               - width: 1200
11:52:47.276 [FXGL Background Thread 3 ] DEBUG Engine               - Logging services
11:52:47.276 [FXGL Background Thread 3 ] DEBUG Engine               - class com.almasb.fxgl.app.services.FXGLAssetLoaderService
11:52:47.276 [FXGL Background Thread 3 ] DEBUG Engine               - class com.almasb.fxgl.app.FXGLApplication$GameApplicationService
11:52:47.276 [FXGL Background Thread 3 ] DEBUG Engine               - class com.almasb.fxgl.app.services.FXGLDialogService
11:52:47.276 [FXGL Background Thread 3 ] DEBUG Engine               - class com.almasb.fxgl.app.services.IOTaskExecutorService
11:52:47.276 [FXGL Background Thread 3 ] DEBUG Engine               - class com.almasb.fxgl.io.FileSystemService
11:52:47.276 [FXGL Background Thread 3 ] DEBUG Engine               - class com.almasb.fxgl.localization.LocalizationService
11:52:47.276 [FXGL Background Thread 3 ] DEBUG Engine               - class com.almasb.fxgl.app.services.SystemBundleService
11:52:47.276 [FXGL Background Thread 3 ] DEBUG Engine               - class com.almasb.fxgl.profile.SaveLoadService
11:52:47.276 [FXGL Background Thread 3 ] DEBUG Engine               - class com.almasb.fxgl.ui.FXGLUIFactoryServiceProvider
11:52:47.276 [FXGL Background Thread 3 ] DEBUG Engine               - class com.almasb.fxgl.ui.FXGLDialogFactoryServiceProvider
11:52:47.276 [FXGL Background Thread 3 ] DEBUG Engine               - class com.almasb.fxgl.audio.AudioPlayer
11:52:47.276 [FXGL Background Thread 3 ] DEBUG Engine               - class com.almasb.fxgl.notification.impl.NotificationServiceProvider
11:52:47.276 [FXGL Background Thread 3 ] DEBUG Engine               - class com.almasb.fxgl.achievement.AchievementService
11:52:47.277 [FXGL Background Thread 3 ] DEBUG Engine               - class com.almasb.fxgl.cutscene.CutsceneService
11:52:47.277 [FXGL Background Thread 3 ] DEBUG Engine               - class com.almasb.fxgl.minigames.MiniGameService
11:52:47.277 [FXGL Background Thread 3 ] DEBUG Engine               - class com.almasb.fxgl.net.NetService
11:52:47.277 [FXGL Background Thread 3 ] DEBUG Engine               - class com.almasb.fxgl.app.services.UpdaterService
11:52:47.277 [FXGL Background Thread 3 ] DEBUG Engine               - class com.almasb.fxgl.dev.DevService
11:54:01.862 [JavaFX Application Thread] DEBUG LoopRunner           - Pausing loop
11:54:28.614 [JavaFX Application Thread] DEBUG LoopRunner           - Resuming loop
11:54:32.590 [JavaFX Application Thread] DEBUG LoopRunner           - Pausing loop
11:54:45.673 [JavaFX Application Thread] DEBUG LoopRunner           - Resuming loop
11:54:56.311 [JavaFX Application Thread] DEBUG LoopRunner           - Pausing loop
11:55:10.846 [JavaFX Application Thread] DEBUG LoopRunner           - Resuming loop
12:05:30.100 [JavaFX Application Thread] DEBUG LoopRunner           - Pausing loop
12:05:35.293 [JavaFX Application Thread] DEBUG LoopRunner           - Resuming loop
12:06:11.449 [JavaFX Application Thread] DEBUG FXGLApplication      - Exiting FXGL
12:06:11.449 [JavaFX Application Thread] DEBUG LoopRunner           - Stopping loop
12:06:11.449 [JavaFX Application Thread] DEBUG SystemBundleService  - Saving FXGL system data
12:06:11.454 [JavaFX Application Thread] DEBUG FileSystemAccess     - Writing to: C:\Users\maste\Documents\Concurrente\SimuladorRestaturant\simulador-monitores\system\fxgl.bundle
12:06:11.457 [JavaFX Application Thread] DEBUG Async                - Shutting down background threads
12:06:11.457 [JavaFX Application Thread] DEBUG PrimaryStageWindow   - Closing main window
12:06:11.474 [JavaFX Application Thread] DEBUG Logger               - Closing Logger
