01:29:17.665 [main                     ] DEBUG Logger               - Configured Logger
01:29:17.683 [main                     ] DEBUG GameApplication      - Logging settings
Title: Simulador de Restaurante
Version: 1.0
Width: 1200
Height: 800
Fullscreen: false
Intro: false
Profiling: false
Single step:false
App Mode: DEVELOPER
Menu Key: ESCAPE
Stage Style: DECORATED
Scene Factory: class com.almasb.fxgl.app.scene.SceneFactory

01:29:18.160 [JavaFX Application Thread] DEBUG FXGLApplication      - Initializing FXGL
01:29:18.164 [JavaFX Application Thread] INFO  Engine               - FXGL-17.3 (30.03.2023 11.49) on WINDOWS (J:19.0.2 FX:20)
01:29:18.164 [JavaFX Application Thread] DEBUG Engine               - JRE Vendor Name: Oracle Corporation
01:29:18.165 [JavaFX Application Thread] DEBUG Engine               - Running on OS: Windows 11 version 10.0
01:29:18.165 [JavaFX Application Thread] DEBUG Engine               - Architecture: amd64
01:29:18.165 [JavaFX Application Thread] INFO  Engine               - Source code and latest versions at: https://github.com/AlmasB/FXGL
01:29:18.165 [JavaFX Application Thread] INFO  Engine               -       Ask questions and discuss at: https://github.com/AlmasB/FXGL/discussions
01:29:18.165 [JavaFX Application Thread] INFO  Engine               -              Join the FXGL chat at: https://gitter.im/AlmasB/FXGL
01:29:18.254 [JavaFX Application Thread] DEBUG PrimaryStageWindow   - Creating a JavaFX scene
01:29:18.293 [JavaFX Application Thread] DEBUG PrimaryStageWindow   - Target settings size: 1200.0 x 800.0
01:29:18.293 [JavaFX Application Thread] DEBUG PrimaryStageWindow   - Scaled scene size:    1200.0 x 800.0
01:29:18.293 [JavaFX Application Thread] DEBUG PrimaryStageWindow   - Scaled ratio: (1.0, 1.0)
01:29:18.294 [JavaFX Application Thread] DEBUG PrimaryStageWindow   - Set initial scene to FXGLStartupScene
01:29:18.297 [JavaFX Application Thread] DEBUG PrimaryStageWindow   - Opening main window
01:29:18.375 [JavaFX Application Thread] DEBUG PrimaryStageWindow   - Window border size: (14.4000244140625, 37.5999755859375)
01:29:18.375 [JavaFX Application Thread] DEBUG PrimaryStageWindow   - Scaled size: 1200.0 x 800.0
01:29:18.375 [JavaFX Application Thread] DEBUG PrimaryStageWindow   - Scaled ratio: (1.0, 1.0)
01:29:18.376 [JavaFX Application Thread] DEBUG PrimaryStageWindow   - Scene size: 1200.0 x 800.0
01:29:18.376 [JavaFX Application Thread] DEBUG PrimaryStageWindow   - Stage size: 1214.4000244140625 x 837.5999755859375
01:29:18.384 [FXGL Background Thread 1 ] DEBUG Engine               - Initializing environment variables
01:29:18.460 [FXGL Background Thread 1 ] DEBUG FXGLAssetLoaderServi - User app class for loading assets: class com.simulador.ui.GameApp
01:29:18.460 [FXGL Background Thread 1 ] DEBUG GameApplicationServi - Applying CSS: fxgl_dark.css
01:29:18.462 [FXGL Background Thread 1 ] DEBUG FXGLAssetLoaderServi - Loading from file system: jar:file:/C:/Users/maste/.m2/repository/com/github/almasb/fxgl/17.3/fxgl-17.3.jar!/fxglassets/ui/css/fxgl_dark.css
01:29:18.512 [FXGL Background Thread 1 ] DEBUG GameApplicationServi - Initializing application scenes
01:29:18.558 [FXGL Background Thread 1 ] DEBUG GameWorld            - Game world initialized
01:29:18.649 [FXGL Background Thread 1 ] DEBUG PhysicsWorld         - Physics world initialized: appHeight=800, physics.ppm=50.0
01:29:18.650 [FXGL Background Thread 1 ] DEBUG PhysicsWorld         - Using strategy: BRUTE_FORCE
01:29:18.655 [FXGL Background Thread 1 ] DEBUG GameScene            - Game scene initialized: 1200x800
01:29:18.668 [FXGL Background Thread 1 ] DEBUG FXGL.DefaultMenu     - createMenuBodyGameMenu()
01:29:18.680 [FXGL Background Thread 1 ] DEBUG FXGL.DefaultMenu     - createOptionsMenu()
01:29:18.690 [FXGL Background Thread 1 ] DEBUG FXGLAssetLoaderServi - Loading from file system: jar:file:/C:/Users/maste/.m2/repository/com/github/almasb/fxgl/17.3/fxgl-17.3.jar!/fxglassets/textures/particles/smoke.png
01:29:18.783 [FXGL Background Thread 1 ] DEBUG FXGLAssetLoaderServi - Loading from file system: jar:file:/C:/Users/maste/.m2/repository/com/github/almasb/fxgl/17.3/fxgl-17.3.jar!/fxglassets/textures/particles/trace_horizontal.png
01:29:18.809 [FXGL Background Thread 1 ] DEBUG GameApplicationServi - Application scenes initialized
01:29:18.821 [FXGL Background Thread 1 ] DEBUG SystemBundleService  - Loading FXGL system data
01:29:18.827 [FXGL Background Thread 1 ] DEBUG FileSystemAccess     - Reading from: C:\Users\maste\Documents\Concurrente\SimuladorRestaturant\simulador-monitores\system\fxgl.bundle
01:29:18.835 [FXGL Background Thread 1 ] DEBUG SystemBundleService  - Bundle FXGL: {}
01:29:18.835 [FXGL Background Thread 1 ] DEBUG UpdaterService       - Checking for updates
01:29:18.838 [FXGL Background Thread 4 ] DEBUG FXGLApplication      - Loading fonts
01:29:18.839 [FXGL Background Thread 4 ] DEBUG FXGLAssetLoaderServi - Loading from file system: jar:file:/C:/Users/maste/.m2/repository/com/github/almasb/fxgl/17.3/fxgl-17.3.jar!/fxglassets/ui/fonts/VarelaRound-Regular.ttf
01:29:18.839 [FXGL Background Thread 1 ] DEBUG FXGLApplication      - Loading default localization
01:29:18.841 [FXGL Background Thread 1 ] DEBUG FXGLAssetLoaderServi - Loading from file system: jar:file:/C:/Users/maste/.m2/repository/com/github/almasb/fxgl/17.3/fxgl-17.3.jar!/fxglassets/languages/english.lang
01:29:18.868 [FXGL Background Thread 1 ] INFO  FXGLApplication      - FXGL initialization took: 0.485 sec
01:29:18.870 [JavaFX Application Thread] DEBUG FXGLAssetLoaderServi - Loading from file system: jar:file:/C:/Users/maste/.m2/repository/com/github/almasb/fxgl/17.3/fxgl-17.3.jar!/fxglassets/textures/fxgl_icon.png
01:29:18.885 [JavaFX Application Thread] DEBUG FXGLAssetLoaderServi - Loading from file system: jar:file:/C:/Users/maste/.m2/repository/com/github/almasb/fxgl/17.3/fxgl-17.3.jar!/fxglassets/textures/fxgl_default_cursor.png
01:29:18.900 [JavaFX Application Thread] DEBUG Input                - Registered new binding: Screenshot - CTRL+8
01:29:18.901 [JavaFX Application Thread] DEBUG Input                - Registered new binding: System info dump - CTRL+9
01:29:18.901 [JavaFX Application Thread] DEBUG Input                - Registered new binding: Restart - CTRL+R
01:29:18.902 [JavaFX Application Thread] DEBUG Input                - Registered new binding: Toggle Debug Camera - CTRL+7
01:29:18.906 [JavaFX Application Thread] DEBUG LoopRunner           - Starting loop
01:29:18.906 [JavaFX Application Thread] DEBUG LoopRunner           - Initializing JavaFX AnimationTimerLoop
01:29:18.908 [JavaFX Application Thread] DEBUG GameApplicationServi - Starting new game
01:29:18.909 [JavaFX Application Thread] DEBUG Input                - Clearing active input actions
01:29:18.921 [JavaFX Application Thread] DEBUG GameApplicationServi - Removing overlay from FXGLStartupScene and adding to FXGLLoadingScene
01:29:18.921 [JavaFX Application Thread] DEBUG PrimaryStageWindow   - FXGLStartupScene -> FXGLLoadingScene
01:29:18.921 [JavaFX Application Thread] DEBUG GameApplicationServi - Clearing previous game
01:29:18.921 [JavaFX Application Thread] DEBUG GameScene            - Clearing game scene
01:29:18.921 [JavaFX Application Thread] DEBUG GameWorld            - Clearing game world
01:29:18.921 [JavaFX Application Thread] DEBUG PhysicsWorld         - Clearing physics world
01:29:18.923 [FXGL Background Thread 1 ] DEBUG FXGLApplication      - Initializing game
01:29:18.955 [FXGL Background Thread 1 ] INFO  FXGLApplication      - Game initialization took: 0.031 sec
01:29:18.961 [JavaFX Application Thread] DEBUG Input                - Clearing active input actions
01:29:18.969 [FXGL Background Thread 4 ] DEBUG FXGLAssetLoaderServi - Loading from file system: jar:file:/C:/Users/maste/.m2/repository/com/github/almasb/fxgl/17.3/fxgl-17.3.jar!/fxglassets/ui/fonts/Abel-Regular.ttf
01:29:18.975 [JavaFX Application Thread] DEBUG GameApplicationServi - Removing overlay from FXGLLoadingScene and adding to GameScene
01:29:18.975 [JavaFX Application Thread] DEBUG PrimaryStageWindow   - FXGLLoadingScene -> GameScene
01:29:18.977 [FXGL Background Thread 4 ] DEBUG FXGLAssetLoaderServi - Loading from file system: jar:file:/C:/Users/maste/.m2/repository/com/github/almasb/fxgl/17.3/fxgl-17.3.jar!/fxglassets/ui/fonts/TerminalLandMono-Regular.otf
01:29:18.982 [FXGL Background Thread 4 ] DEBUG FXGLAssetLoaderServi - Loading from file system: jar:file:/C:/Users/maste/.m2/repository/com/github/almasb/fxgl/17.3/fxgl-17.3.jar!/fxglassets/ui/fonts/Courier-Prime.ttf
01:29:19.080 [JavaFX Application Thread] DEBUG FXGLApplication      - Registering font factories with UI factory
01:29:19.384 [FXGL Background Thread 2 ] INFO  UpdaterService       - Your current version:  17.3
01:29:19.384 [FXGL Background Thread 2 ] INFO  UpdaterService       - Latest stable version: 21.1
01:29:21.838 [FXGL Background Thread 3 ] DEBUG Engine               - Logging environment variables
01:29:21.838 [FXGL Background Thread 3 ] DEBUG Engine               - achievements: []
01:29:21.838 [FXGL Background Thread 3 ] DEBUG Engine               - actualHeight: 800.0
01:29:21.838 [FXGL Background Thread 3 ] DEBUG Engine               - actualHeightProperty: ReadOnlyDoubleProperty [value: 800.0]
01:29:21.838 [FXGL Background Thread 3 ] DEBUG Engine               - actualWidth: 1200.0
01:29:21.838 [FXGL Background Thread 3 ] DEBUG Engine               - actualWidthProperty: ReadOnlyDoubleProperty [value: 1200.0]
01:29:21.838 [FXGL Background Thread 3 ] DEBUG Engine               - appIcon: fxgl_icon.png
01:29:21.838 [FXGL Background Thread 3 ] DEBUG Engine               - applicationMode: DEVELOPER
01:29:21.839 [FXGL Background Thread 3 ] DEBUG Engine               - cSSList: [fxgl_dark.css]
01:29:21.839 [FXGL Background Thread 3 ] DEBUG Engine               - collisionDetectionStrategy: BRUTE_FORCE
01:29:21.839 [FXGL Background Thread 3 ] DEBUG Engine               - configClass: Optional.empty
01:29:21.839 [FXGL Background Thread 3 ] DEBUG Engine               - credits: []
01:29:21.839 [FXGL Background Thread 3 ] DEBUG Engine               - defaultCursor: CursorInfo(imageName=fxgl_default_cursor.png, hotspotX=7.0, hotspotY=6.0)
01:29:21.839 [FXGL Background Thread 3 ] DEBUG Engine               - devBBoxColorProperty: ObjectProperty [value: 0xff0000ff]
01:29:21.839 [FXGL Background Thread 3 ] DEBUG Engine               - devEnableDebugCameraProperty: BooleanProperty [value: false]
01:29:21.839 [FXGL Background Thread 3 ] DEBUG Engine               - devSensorColorProperty: ObjectProperty [value: 0xffff00ff]
01:29:21.839 [FXGL Background Thread 3 ] DEBUG Engine               - devShowBBoxProperty: BooleanProperty [value: false]
01:29:21.839 [FXGL Background Thread 3 ] DEBUG Engine               - devShowPositionProperty: BooleanProperty [value: false]
01:29:21.839 [FXGL Background Thread 3 ] DEBUG Engine               - enabledMenuItems: []
01:29:21.839 [FXGL Background Thread 3 ] DEBUG Engine               - engineServices: [class com.almasb.fxgl.app.services.FXGLAssetLoaderService, class com.almasb.fxgl.app.FXGLApplication$GameApplicationService, class com.almasb.fxgl.app.services.FXGLDialogService, class com.almasb.fxgl.app.services.IOTaskExecutorService, class com.almasb.fxgl.io.FileSystemService, class com.almasb.fxgl.localization.LocalizationService, class com.almasb.fxgl.app.services.SystemBundleService, class com.almasb.fxgl.profile.SaveLoadService, class com.almasb.fxgl.ui.FXGLUIFactoryServiceProvider, class com.almasb.fxgl.ui.FXGLDialogFactoryServiceProvider, class com.almasb.fxgl.audio.AudioPlayer, class com.almasb.fxgl.notification.impl.NotificationServiceProvider, class com.almasb.fxgl.achievement.AchievementService, class com.almasb.fxgl.cutscene.CutsceneService, class com.almasb.fxgl.minigames.MiniGameService, class com.almasb.fxgl.net.NetService, class com.almasb.fxgl.app.services.UpdaterService, class com.almasb.fxgl.dev.DevService]
01:29:21.839 [FXGL Background Thread 3 ] DEBUG Engine               - fontGame: Abel-Regular.ttf
01:29:21.839 [FXGL Background Thread 3 ] DEBUG Engine               - fontMono: TerminalLandMono-Regular.otf
01:29:21.839 [FXGL Background Thread 3 ] DEBUG Engine               - fontSizeScaleUI: 1.0
01:29:21.839 [FXGL Background Thread 3 ] DEBUG Engine               - fontText: Courier-Prime.ttf
01:29:21.839 [FXGL Background Thread 3 ] DEBUG Engine               - fontUI: VarelaRound-Regular.ttf
01:29:21.839 [FXGL Background Thread 3 ] DEBUG Engine               - fullScreen: BooleanProperty [value: false]
01:29:21.839 [FXGL Background Thread 3 ] DEBUG Engine               - gameDifficulty: MEDIUM
01:29:21.839 [FXGL Background Thread 3 ] DEBUG Engine               - gameDifficultyProperty: ObjectProperty [value: MEDIUM]
01:29:21.840 [FXGL Background Thread 3 ] DEBUG Engine               - globalMusicVolume: 0.5
01:29:21.840 [FXGL Background Thread 3 ] DEBUG Engine               - globalMusicVolumeProperty: DoubleProperty [value: 0.5]
01:29:21.840 [FXGL Background Thread 3 ] DEBUG Engine               - globalSoundVolume: 0.5
01:29:21.840 [FXGL Background Thread 3 ] DEBUG Engine               - globalSoundVolumeProperty: DoubleProperty [value: 0.5]
01:29:21.840 [FXGL Background Thread 3 ] DEBUG Engine               - height: 800
01:29:21.840 [FXGL Background Thread 3 ] DEBUG Engine               - is3D: false
01:29:21.840 [FXGL Background Thread 3 ] DEBUG Engine               - isAndroid: false
01:29:21.840 [FXGL Background Thread 3 ] DEBUG Engine               - isBrowser: false
01:29:21.840 [FXGL Background Thread 3 ] DEBUG Engine               - isClickFeedbackEnabled: false
01:29:21.840 [FXGL Background Thread 3 ] DEBUG Engine               - isCloseConfirmation: false
01:29:21.840 [FXGL Background Thread 3 ] DEBUG Engine               - isDesktop: true
01:29:21.840 [FXGL Background Thread 3 ] DEBUG Engine               - isDeveloperMenuEnabled: false
01:29:21.840 [FXGL Background Thread 3 ] DEBUG Engine               - isEmbedded: false
01:29:21.840 [FXGL Background Thread 3 ] DEBUG Engine               - isEntityPreloadEnabled: true
01:29:21.840 [FXGL Background Thread 3 ] DEBUG Engine               - isExperimentalTiledLargeMap: false
01:29:21.840 [FXGL Background Thread 3 ] DEBUG Engine               - isFileSystemWriteAllowed: true
01:29:21.840 [FXGL Background Thread 3 ] DEBUG Engine               - isFullScreenAllowed: false
01:29:21.840 [FXGL Background Thread 3 ] DEBUG Engine               - isFullScreenFromStart: false
01:29:21.840 [FXGL Background Thread 3 ] DEBUG Engine               - isGameMenuEnabled: true
01:29:21.840 [FXGL Background Thread 3 ] DEBUG Engine               - isIOS: false
01:29:21.840 [FXGL Background Thread 3 ] DEBUG Engine               - isIntroEnabled: false
01:29:21.840 [FXGL Background Thread 3 ] DEBUG Engine               - isLinux: false
01:29:21.840 [FXGL Background Thread 3 ] DEBUG Engine               - isMac: false
01:29:21.840 [FXGL Background Thread 3 ] DEBUG Engine               - isMainMenuEnabled: false
01:29:21.840 [FXGL Background Thread 3 ] DEBUG Engine               - isManualResizeEnabled: false
01:29:21.841 [FXGL Background Thread 3 ] DEBUG Engine               - isMobile: false
01:29:21.841 [FXGL Background Thread 3 ] DEBUG Engine               - isNative: false
01:29:21.841 [FXGL Background Thread 3 ] DEBUG Engine               - isPauseMusicWhenMinimized: true
01:29:21.841 [FXGL Background Thread 3 ] DEBUG Engine               - isPreserveResizeRatio: false
01:29:21.841 [FXGL Background Thread 3 ] DEBUG Engine               - isProfilingEnabled: false
01:29:21.841 [FXGL Background Thread 3 ] DEBUG Engine               - isScaleAffectedOnResize: true
01:29:21.841 [FXGL Background Thread 3 ] DEBUG Engine               - isSingleStep: false
01:29:21.841 [FXGL Background Thread 3 ] DEBUG Engine               - isUserProfileEnabled: false
01:29:21.841 [FXGL Background Thread 3 ] DEBUG Engine               - isWindows: true
01:29:21.841 [FXGL Background Thread 3 ] DEBUG Engine               - language: ObjectProperty [value: ENGLISH]
01:29:21.841 [FXGL Background Thread 3 ] DEBUG Engine               - menuKey: ESCAPE
01:29:21.841 [FXGL Background Thread 3 ] DEBUG Engine               - mouseSensitivity: 0.2
01:29:21.841 [FXGL Background Thread 3 ] DEBUG Engine               - notificationViewClass: class com.almasb.fxgl.notification.view.XboxNotificationView
01:29:21.841 [FXGL Background Thread 3 ] DEBUG Engine               - pixelsPerMeter: 50.0
01:29:21.841 [FXGL Background Thread 3 ] DEBUG Engine               - platform: WINDOWS
01:29:21.841 [FXGL Background Thread 3 ] DEBUG Engine               - prefHeightProperty: ReadOnlyDoubleProperty [value: 800.0]
01:29:21.841 [FXGL Background Thread 3 ] DEBUG Engine               - prefWidthProperty: ReadOnlyDoubleProperty [value: 1200.0]
01:29:21.841 [FXGL Background Thread 3 ] DEBUG Engine               - profileDir: profiles/
01:29:21.841 [FXGL Background Thread 3 ] DEBUG Engine               - profileName: StringProperty [value: DEFAULT]
01:29:21.841 [FXGL Background Thread 3 ] DEBUG Engine               - randomSeed: -1
01:29:21.842 [FXGL Background Thread 3 ] DEBUG Engine               - runtimeInfo: RuntimeInfo(platform=WINDOWS, version=17.3, build=30.03.2023 11.49)
01:29:21.842 [FXGL Background Thread 3 ] DEBUG Engine               - saveFileExt: sav
01:29:21.842 [FXGL Background Thread 3 ] DEBUG Engine               - scaledHeightProp$fxgl: DoubleProperty [bound, value: 800.0]
01:29:21.842 [FXGL Background Thread 3 ] DEBUG Engine               - scaledWidthProp$fxgl: DoubleProperty [bound, value: 1200.0]
01:29:21.842 [FXGL Background Thread 3 ] DEBUG Engine               - sceneFactory: com.almasb.fxgl.app.scene.SceneFactory@68b3b4f7
01:29:21.842 [FXGL Background Thread 3 ] DEBUG Engine               - secondsIn24h: 60
01:29:21.842 [FXGL Background Thread 3 ] DEBUG Engine               - soundMenuBack: menu/back.wav
01:29:21.842 [FXGL Background Thread 3 ] DEBUG Engine               - soundMenuPress: menu/press.wav
01:29:21.842 [FXGL Background Thread 3 ] DEBUG Engine               - soundMenuSelect: menu/select.wav
01:29:21.842 [FXGL Background Thread 3 ] DEBUG Engine               - soundNotification: core/notification.wav
01:29:21.842 [FXGL Background Thread 3 ] DEBUG Engine               - stageStyle: DECORATED
01:29:21.842 [FXGL Background Thread 3 ] DEBUG Engine               - supportedLanguages: [ENGLISH, FRENCH, GERMAN, HUNGARIAN, RUSSIAN]
01:29:21.842 [FXGL Background Thread 3 ] DEBUG Engine               - ticksPerSecond: -1
01:29:21.842 [FXGL Background Thread 3 ] DEBUG Engine               - title: Simulador de Restaurante
01:29:21.842 [FXGL Background Thread 3 ] DEBUG Engine               - urlGithub: https://github.com/AlmasB/FXGL
01:29:21.842 [FXGL Background Thread 3 ] DEBUG Engine               - urlLeaderboard: http://fxgl-top.herokuapp.com/
01:29:21.842 [FXGL Background Thread 3 ] DEBUG Engine               - urlPOM: https://raw.githubusercontent.com/AlmasB/FXGL/release/README.md
01:29:21.842 [FXGL Background Thread 3 ] DEBUG Engine               - userAppClass: class com.simulador.ui.GameApp
01:29:21.842 [FXGL Background Thread 3 ] DEBUG Engine               - version: 1.0
01:29:21.842 [FXGL Background Thread 3 ] DEBUG Engine               - versionCheckDays: 7
01:29:21.842 [FXGL Background Thread 3 ] DEBUG Engine               - width: 1200
01:29:21.842 [FXGL Background Thread 3 ] DEBUG Engine               - Logging services
01:29:21.842 [FXGL Background Thread 3 ] DEBUG Engine               - class com.almasb.fxgl.app.services.FXGLAssetLoaderService
01:29:21.842 [FXGL Background Thread 3 ] DEBUG Engine               - class com.almasb.fxgl.app.FXGLApplication$GameApplicationService
01:29:21.843 [FXGL Background Thread 3 ] DEBUG Engine               - class com.almasb.fxgl.app.services.FXGLDialogService
01:29:21.843 [FXGL Background Thread 3 ] DEBUG Engine               - class com.almasb.fxgl.app.services.IOTaskExecutorService
01:29:21.843 [FXGL Background Thread 3 ] DEBUG Engine               - class com.almasb.fxgl.io.FileSystemService
01:29:21.843 [FXGL Background Thread 3 ] DEBUG Engine               - class com.almasb.fxgl.localization.LocalizationService
01:29:21.843 [FXGL Background Thread 3 ] DEBUG Engine               - class com.almasb.fxgl.app.services.SystemBundleService
01:29:21.843 [FXGL Background Thread 3 ] DEBUG Engine               - class com.almasb.fxgl.profile.SaveLoadService
01:29:21.843 [FXGL Background Thread 3 ] DEBUG Engine               - class com.almasb.fxgl.ui.FXGLUIFactoryServiceProvider
01:29:21.843 [FXGL Background Thread 3 ] DEBUG Engine               - class com.almasb.fxgl.ui.FXGLDialogFactoryServiceProvider
01:29:21.843 [FXGL Background Thread 3 ] DEBUG Engine               - class com.almasb.fxgl.audio.AudioPlayer
01:29:21.843 [FXGL Background Thread 3 ] DEBUG Engine               - class com.almasb.fxgl.notification.impl.NotificationServiceProvider
01:29:21.843 [FXGL Background Thread 3 ] DEBUG Engine               - class com.almasb.fxgl.achievement.AchievementService
01:29:21.843 [FXGL Background Thread 3 ] DEBUG Engine               - class com.almasb.fxgl.cutscene.CutsceneService
01:29:21.843 [FXGL Background Thread 3 ] DEBUG Engine               - class com.almasb.fxgl.minigames.MiniGameService
01:29:21.843 [FXGL Background Thread 3 ] DEBUG Engine               - class com.almasb.fxgl.net.NetService
01:29:21.843 [FXGL Background Thread 3 ] DEBUG Engine               - class com.almasb.fxgl.app.services.UpdaterService
01:29:21.843 [FXGL Background Thread 3 ] DEBUG Engine               - class com.almasb.fxgl.dev.DevService
01:30:48.329 [JavaFX Application Thread] DEBUG LoopRunner           - Pausing loop
01:30:53.456 [JavaFX Application Thread] DEBUG LoopRunner           - Resuming loop
01:30:55.902 [JavaFX Application Thread] DEBUG LoopRunner           - Pausing loop
01:31:02.807 [JavaFX Application Thread] DEBUG LoopRunner           - Resuming loop
01:31:05.958 [JavaFX Application Thread] DEBUG LoopRunner           - Pausing loop
01:31:43.545 [JavaFX Application Thread] DEBUG LoopRunner           - Resuming loop
01:31:46.131 [JavaFX Application Thread] DEBUG LoopRunner           - Pausing loop
01:32:00.320 [JavaFX Application Thread] DEBUG LoopRunner           - Resuming loop
01:32:01.443 [JavaFX Application Thread] DEBUG LoopRunner           - Pausing loop
01:32:44.959 [JavaFX Application Thread] DEBUG LoopRunner           - Resuming loop
01:32:48.317 [JavaFX Application Thread] DEBUG FXGLApplication      - Exiting FXGL
01:32:48.317 [JavaFX Application Thread] DEBUG LoopRunner           - Stopping loop
01:32:48.317 [JavaFX Application Thread] DEBUG SystemBundleService  - Saving FXGL system data
01:32:48.319 [JavaFX Application Thread] DEBUG FileSystemAccess     - Writing to: C:\Users\maste\Documents\Concurrente\SimuladorRestaturant\simulador-monitores\system\fxgl.bundle
01:32:48.322 [JavaFX Application Thread] DEBUG Async                - Shutting down background threads
01:32:48.322 [JavaFX Application Thread] DEBUG PrimaryStageWindow   - Closing main window
01:32:48.338 [JavaFX Application Thread] DEBUG Logger               - Closing Logger
